\BOOKMARK [1][-]{section.1}{\376\377\0001\000.\000\040\000\334\000b\000u\000n\000g\000s\000b\000l\000a\000t\000t\000:\000\040\000A\000u\000s\000s\000a\000g\000e\000n\000\040\000u\000n\000d\000\040\000Q\000u\000a\000n\000t\000o\000r\000e\000n}{}% 1
\BOOKMARK [2][-]{subsection.1.1}{\376\377\000A\000u\000f\000g\000a\000b\000e\000\040\0001\000.\0001}{section.1}% 2
\BOOKMARK [2][-]{subsection.1.2}{\376\377\000A\000u\000f\000g\000a\000b\000e\000\040\0001\000.\0002}{section.1}% 3
\BOOKMARK [2][-]{subsection.1.3}{\376\377\000A\000u\000f\000g\000a\000b\000e\000\040\0001\000.\0003}{section.1}% 4
\BOOKMARK [2][-]{subsection.1.4}{\376\377\000A\000u\000f\000g\000a\000b\000e\000\040\0001\000.\0004}{section.1}% 5
\BOOKMARK [2][-]{subsection.1.5}{\376\377\000A\000u\000f\000g\000a\000b\000e\000\040\0001\000.\0005\000\050\000H\000\051}{section.1}% 6
\BOOKMARK [2][-]{subsection.1.6}{\376\377\000A\000u\000f\000g\000a\000b\000e\000\040\0001\000.\0006\000\050\000H\000\051}{section.1}% 7
\BOOKMARK [2][-]{subsection.1.7}{\376\377\000T\000u\000t\000o\000r\000i\000u\000m}{section.1}% 8
\BOOKMARK [1][-]{section.2}{\376\377\0002\000.\000\040\000\334\000b\000u\000n\000g\000s\000b\000l\000a\000t\000t\000:\000\040\000M\000e\000n\000g\000e\000n\000,\000\040\000v\000o\000l\000l\000s\000t\000\344\000n\000d\000i\000g\000e\000\040\000I\000n\000d\000u\000k\000t\000i\000o\000n}{}% 9
\BOOKMARK [2][-]{subsection.2.1}{\376\377\000A\000u\000f\000g\000a\000b\000e\000\040\0002\000.\0001}{section.2}% 10
\BOOKMARK [2][-]{subsection.2.2}{\376\377\000A\000u\000f\000g\000a\000b\000e\000\040\0002\000.\0002}{section.2}% 11
\BOOKMARK [2][-]{subsection.2.3}{\376\377\000A\000u\000f\000g\000a\000b\000e\000\040\0002\000.\0003}{section.2}% 12
\BOOKMARK [2][-]{subsection.2.4}{\376\377\000A\000u\000f\000g\000a\000b\000e\000\040\0002\000.\0004}{section.2}% 13
\BOOKMARK [2][-]{subsection.2.5}{\376\377\000A\000u\000f\000g\000a\000b\000e\000\040\0002\000.\0005\000\050\000H\000\051}{section.2}% 14
\BOOKMARK [2][-]{subsection.2.6}{\376\377\000A\000u\000f\000g\000a\000b\000e\000\040\0002\000.\0006\000\050\000H\000\051}{section.2}% 15
\BOOKMARK [2][-]{subsection.2.7}{\376\377\000T\000u\000t\000o\000r\000i\000u\000m}{section.2}% 16
\BOOKMARK [1][-]{section.3}{\376\377\0003\000.\000\040\000\334\000b\000u\000n\000g\000s\000b\000l\000a\000t\000t\000:\000\040\000R\000e\000l\000a\000t\000i\000o\000n\000e\000n\000,\000\040\000v\000o\000l\000l\000s\000t\000\344\000n\000d\000i\000g\000e\000\040\000I\000n\000d\000u\000k\000t\000i\000o\000n\000,\000\040\000b\000i\000n\000o\000m\000i\000s\000c\000h\000e\000r\000\040\000S\000a\000t\000z}{}% 17
\BOOKMARK [2][-]{subsection.3.1}{\376\377\000A\000u\000f\000g\000a\000b\000e\000\040\0003\000.\0001}{section.3}% 18
\BOOKMARK [2][-]{subsection.3.2}{\376\377\000A\000u\000f\000g\000a\000b\000e\000\040\0003\000.\0002}{section.3}% 19
\BOOKMARK [2][-]{subsection.3.3}{\376\377\000A\000u\000f\000g\000a\000b\000e\000\040\0003\000.\0003}{section.3}% 20
\BOOKMARK [2][-]{subsection.3.4}{\376\377\000A\000u\000f\000g\000a\000b\000e\000\040\0003\000.\0004}{section.3}% 21
\BOOKMARK [2][-]{subsection.3.5}{\376\377\000A\000u\000f\000g\000a\000b\000e\000\040\0003\000.\0005}{section.3}% 22
\BOOKMARK [2][-]{subsection.3.6}{\376\377\000A\000u\000f\000g\000a\000b\000e\000\040\0003\000.\0006\000\050\000H\000\051}{section.3}% 23
\BOOKMARK [2][-]{subsection.3.7}{\376\377\000A\000u\000f\000g\000a\000b\000e\000\040\0003\000.\0007\000\050\000H\000\051}{section.3}% 24
\BOOKMARK [2][-]{subsection.3.8}{\376\377\000T\000u\000t\000o\000r\000i\000u\000m}{section.3}% 25
\BOOKMARK [1][-]{section.4}{\376\377\0004\000.\000\040\000\334\000b\000u\000n\000g\000s\000b\000l\000a\000t\000t\000:}{}% 26
\BOOKMARK [2][-]{subsection.4.1}{\376\377\000A\000u\000f\000g\000a\000b\000e\000\040\0004\000.\0001}{section.4}% 27
\BOOKMARK [2][-]{subsection.4.2}{\376\377\000A\000u\000f\000g\000a\000b\000e\000\040\0004\000.\0002}{section.4}% 28
\BOOKMARK [2][-]{subsection.4.3}{\376\377\000A\000u\000f\000g\000a\000b\000e\000\040\0004\000.\0003}{section.4}% 29
\BOOKMARK [2][-]{subsection.4.4}{\376\377\000A\000u\000f\000g\000a\000b\000e\000\040\0004\000.\0004}{section.4}% 30
\BOOKMARK [2][-]{subsection.4.5}{\376\377\000A\000u\000f\000g\000a\000b\000e\000\040\0004\000.\0005}{section.4}% 31
\BOOKMARK [2][-]{subsection.4.6}{\376\377\000A\000u\000f\000g\000a\000b\000e\000\040\0004\000.\0006\000\050\000H\000\051}{section.4}% 32
\BOOKMARK [2][-]{subsection.4.7}{\376\377\000A\000u\000f\000g\000a\000b\000e\000\040\0004\000.\0007\000\050\000H\000\051}{section.4}% 33
\BOOKMARK [2][-]{subsection.4.8}{\376\377\000T\000u\000t\000o\000r\000i\000u\000m}{section.4}% 34
\BOOKMARK [1][-]{section.5}{\376\377\0005\000.\000\040\000\334\000b\000u\000n\000g\000s\000b\000l\000a\000t\000t\000:}{}% 35
\BOOKMARK [2][-]{subsection.5.1}{\376\377\000A\000u\000f\000g\000a\000b\000e\000\040\0005\000.\0001}{section.5}% 36
\BOOKMARK [2][-]{subsection.5.2}{\376\377\000A\000u\000f\000g\000a\000b\000e\000\040\0005\000.\0002}{section.5}% 37
\BOOKMARK [2][-]{subsection.5.3}{\376\377\000A\000u\000f\000g\000a\000b\000e\000\040\0005\000.\0003}{section.5}% 38
\BOOKMARK [2][-]{subsection.5.4}{\376\377\000A\000u\000f\000g\000a\000b\000e\000\040\0005\000.\0004}{section.5}% 39
\BOOKMARK [2][-]{subsection.5.5}{\376\377\000A\000u\000f\000g\000a\000b\000e\000\040\0005\000.\0005}{section.5}% 40
\BOOKMARK [2][-]{subsection.5.6}{\376\377\000A\000u\000f\000g\000a\000b\000e\000\040\0005\000.\0006\000\050\000H\000\051}{section.5}% 41
\BOOKMARK [2][-]{subsection.5.7}{\376\377\000A\000u\000f\000g\000a\000b\000e\000\040\0005\000.\0007\000\050\000H\000\051}{section.5}% 42
\BOOKMARK [1][-]{section.6}{\376\377\0006\000.\000\040\000\334\000b\000u\000n\000g\000s\000b\000l\000a\000t\000t\000:}{}% 43
\BOOKMARK [2][-]{subsection.6.1}{\376\377\000A\000u\000f\000g\000a\000b\000e\000\040\0006\000.\0001}{section.6}% 44
\BOOKMARK [2][-]{subsection.6.2}{\376\377\000A\000u\000f\000g\000a\000b\000e\000\040\0006\000.\0002}{section.6}% 45
\BOOKMARK [2][-]{subsection.6.3}{\376\377\000A\000u\000f\000g\000a\000b\000e\000\040\0006\000.\0003}{section.6}% 46
\BOOKMARK [2][-]{subsection.6.4}{\376\377\000A\000u\000f\000g\000a\000b\000e\000\040\0006\000.\0004}{section.6}% 47
\BOOKMARK [2][-]{subsection.6.5}{\376\377\000A\000u\000f\000g\000a\000b\000e\000\040\0006\000.\0005\000\050\000H\000\051}{section.6}% 48
\BOOKMARK [2][-]{subsection.6.6}{\376\377\000A\000u\000f\000g\000a\000b\000e\000\040\0006\000.\0006\000\050\000H\000\051}{section.6}% 49
\BOOKMARK [1][-]{section.7}{\376\377\0007\000.\000\040\000\334\000b\000u\000n\000g\000s\000b\000l\000a\000t\000t}{}% 50
\BOOKMARK [2][-]{subsection.7.1}{\376\377\000A\000u\000f\000g\000a\000b\000e\000\040\0007\000.\0001}{section.7}% 51
\BOOKMARK [2][-]{subsection.7.2}{\376\377\000A\000u\000f\000g\000a\000b\000e\000\040\0007\000.\0002}{section.7}% 52
\BOOKMARK [2][-]{subsection.7.3}{\376\377\000A\000u\000f\000g\000a\000b\000e\000\040\0007\000.\0003}{section.7}% 53
\BOOKMARK [2][-]{subsection.7.4}{\376\377\000A\000u\000f\000g\000a\000b\000e\000\040\0007\000.\0004}{section.7}% 54
\BOOKMARK [2][-]{subsection.7.5}{\376\377\000A\000u\000f\000g\000a\000b\000e\000\040\0007\000.\0005}{section.7}% 55
\BOOKMARK [2][-]{subsection.7.6}{\376\377\000A\000u\000f\000g\000a\000b\000e\000\040\0007\000.\0006\000\050\000H\000\051}{section.7}% 56
\BOOKMARK [2][-]{subsection.7.7}{\376\377\000A\000u\000f\000g\000a\000b\000e\000\040\0007\000.\0007\000\050\000H\000\051}{section.7}% 57
\BOOKMARK [1][-]{section.8}{\376\377\0008\000.\000\040\000\334\000b\000u\000n\000g\000s\000b\000l\000a\000t\000t}{}% 58
\BOOKMARK [2][-]{subsection.8.1}{\376\377\000A\000u\000f\000g\000a\000b\000e\000\040\0008\000.\0001}{section.8}% 59
\BOOKMARK [2][-]{subsection.8.2}{\376\377\000A\000u\000f\000g\000a\000b\000e\000\040\0008\000.\0002}{section.8}% 60
\BOOKMARK [2][-]{subsection.8.3}{\376\377\000A\000u\000f\000g\000a\000b\000e\000\040\0008\000.\0003}{section.8}% 61
\BOOKMARK [2][-]{subsection.8.4}{\376\377\000A\000u\000f\000g\000a\000b\000e\000\040\0008\000.\0004}{section.8}% 62
\BOOKMARK [2][-]{subsection.8.5}{\376\377\000A\000u\000f\000g\000a\000b\000e\000\040\0008\000.\0005\000\050\000H\000\051}{section.8}% 63
\BOOKMARK [2][-]{subsection.8.6}{\376\377\000A\000u\000f\000g\000a\000b\000e\000\040\0008\000.\0006\000\050\000H\000\051}{section.8}% 64
\BOOKMARK [2][-]{subsection.8.7}{\376\377\000T\000u\000t\000o\000r\000i\000u\000m}{section.8}% 65
\BOOKMARK [1][-]{section.9}{\376\377\0009\000.\000\040\000\334\000b\000u\000n\000g\000s\000b\000l\000a\000t\000t}{}% 66
\BOOKMARK [2][-]{subsection.9.1}{\376\377\000A\000u\000f\000g\000a\000b\000e\000\040\0009\000.\0001}{section.9}% 67
\BOOKMARK [2][-]{subsection.9.2}{\376\377\000A\000u\000f\000g\000a\000b\000e\000\040\0009\000.\0002}{section.9}% 68
\BOOKMARK [2][-]{subsection.9.3}{\376\377\000A\000u\000f\000g\000a\000b\000e\000\040\0009\000.\0003}{section.9}% 69
\BOOKMARK [2][-]{subsection.9.4}{\376\377\000A\000u\000f\000g\000a\000b\000e\000\040\0009\000.\0004}{section.9}% 70
\BOOKMARK [2][-]{subsection.9.5}{\376\377\000A\000u\000f\000g\000a\000b\000e\000\040\0009\000.\0005\000\050\000H\000\051}{section.9}% 71
\BOOKMARK [2][-]{subsection.9.6}{\376\377\000A\000u\000f\000g\000a\000b\000e\000\040\0009\000.\0006\000\050\000H\000\051}{section.9}% 72
\BOOKMARK [2][-]{subsection.9.7}{\376\377\000T\000u\000t\000o\000r\000i\000u\000m}{section.9}% 73
\BOOKMARK [1][-]{section.10}{\376\377\0001\0000\000.\000\040\000\334\000b\000u\000n\000g\000s\000b\000l\000a\000t\000t}{}% 74
\BOOKMARK [2][-]{subsection.10.1}{\376\377\000A\000u\000f\000g\000a\000b\000e\000\040\0001\0000\000.\0001}{section.10}% 75
\BOOKMARK [2][-]{subsection.10.2}{\376\377\000A\000u\000f\000g\000a\000b\000e\000\040\0001\0000\000.\0002}{section.10}% 76
\BOOKMARK [2][-]{subsection.10.3}{\376\377\000A\000u\000f\000g\000a\000b\000e\000\040\0001\0000\000.\0003}{section.10}% 77
\BOOKMARK [2][-]{subsection.10.4}{\376\377\000A\000u\000f\000g\000a\000b\000e\000\040\0001\0000\000.\0004}{section.10}% 78
\BOOKMARK [2][-]{subsection.10.5}{\376\377\000A\000u\000f\000g\000a\000b\000e\000\040\0001\0000\000.\0005}{section.10}% 79
\BOOKMARK [2][-]{subsection.10.6}{\376\377\000A\000u\000f\000g\000a\000b\000e\000\040\0001\0000\000.\0006}{section.10}% 80
\BOOKMARK [2][-]{subsection.10.7}{\376\377\000T\000u\000t\000o\000r\000i\000u\000m}{section.10}% 81
\BOOKMARK [1][-]{section.11}{\376\377\0001\0001\000.\000\040\000\334\000b\000u\000n\000g\000s\000b\000l\000a\000t\000t}{}% 82
\BOOKMARK [1][-]{section.12}{\376\377\0001\0002\000.\000\040\000\334\000b\000u\000n\000g\000s\000b\000l\000a\000t\000t}{}% 83
\BOOKMARK [2][-]{subsection.12.1}{\376\377\0001\0002\000.\0001}{section.12}% 84
\BOOKMARK [2][-]{subsection.12.2}{\376\377\0001\0002\000.\0002}{section.12}% 85
\BOOKMARK [2][-]{subsection.12.3}{\376\377\000A\000u\000f\000g\000a\000b\000e\000\040\0001\0002\000.\0003}{section.12}% 86
\BOOKMARK [2][-]{subsection.12.4}{\376\377\000A\000u\000f\000g\000a\000b\000e\000\040\0001\0002\000.\0004}{section.12}% 87
\BOOKMARK [2][-]{subsection.12.5}{\376\377\0001\0002\000.\0005}{section.12}% 88
\BOOKMARK [2][-]{subsection.12.6}{\376\377\0001\0002\000.\0006}{section.12}% 89
\BOOKMARK [2][-]{subsection.12.7}{\376\377\0001\0002\000.\0007}{section.12}% 90
\BOOKMARK [2][-]{subsection.12.8}{\376\377\000T\000u\000t\000o\000r\000i\000u\000m}{section.12}% 91
\BOOKMARK [1][-]{section.13}{\376\377\0001\0003\000.\000\040\000\334\000b\000u\000n\000g\000s\000b\000l\000a\000t\000t}{}% 92
\BOOKMARK [2][-]{subsection.13.1}{\376\377\0001\0003\000.\0001}{section.13}% 93
\BOOKMARK [2][-]{subsection.13.2}{\376\377\0001\0003\000.\0002}{section.13}% 94
\BOOKMARK [2][-]{subsection.13.3}{\376\377\0001\0003\000.\0003}{section.13}% 95
\BOOKMARK [2][-]{subsection.13.4}{\376\377\0001\0003\000.\0004}{section.13}% 96
\BOOKMARK [2][-]{subsection.13.5}{\376\377\000t\000u\000t}{section.13}% 97
\BOOKMARK [1][-]{section.14}{\376\377\0001\0004\000.\000\040\000\334\000b\000u\000n\000g\000s\000b\000l\000a\000t\000t}{}% 98
\BOOKMARK [2][-]{subsection.14.1}{\376\377\000A\000u\000f\000g\000a\000b\000e\000\040\0001\0004\000.\0001}{section.14}% 99
\BOOKMARK [2][-]{subsection.14.2}{\376\377\000A\000u\000f\000g\000a\000b\000e\000\040\0001\0004\000.\0002}{section.14}% 100
\BOOKMARK [2][-]{subsection.14.3}{\376\377\000A\000u\000f\000g\000a\000b\000e\000\040\0001\0004\000.\0003}{section.14}% 101
\BOOKMARK [2][-]{subsection.14.4}{\376\377\000A\000u\000f\000g\000a\000b\000e\000\040\0001\0004\000.\0004}{section.14}% 102
\BOOKMARK [1][-]{section.15}{\376\377\0001\0005\000.\000\040\000\334\000b\000u\000n\000g\000s\000b\000l\000a\000t\000t}{}% 103
\BOOKMARK [1][-]{section.16}{\376\377\0001\0006\000.\000\040\000\334\000b\000u\000n\000g\000s\000b\000l\000a\000t\000t}{}% 104
\BOOKMARK [2][-]{subsection.16.1}{\376\377\000A\000u\000f\000g\000a\000b\000e\000\040\0001\0006\000.\0001}{section.16}% 105
\BOOKMARK [2][-]{subsection.16.2}{\376\377\000A\000u\000f\000g\000a\000b\000e\000\040\0001\0006\000.\0002}{section.16}% 106
\BOOKMARK [2][-]{subsection.16.3}{\376\377\000A\000u\000f\000g\000a\000b\000e\000\040\0001\0006\000.\0003\000\050\000H\000\051}{section.16}% 107
\BOOKMARK [1][-]{section.17}{\376\377\0001\0007\000.\000\040\000\334\000b\000u\000n\000g\000s\000b\000l\000a\000t\000t}{}% 108
\BOOKMARK [2][-]{subsection.17.1}{\376\377\000A\000u\000f\000g\000a\000b\000e\000\040\0001\0007\000.\0001}{section.17}% 109
\BOOKMARK [2][-]{subsection.17.2}{\376\377\000A\000u\000f\000g\000a\000b\000e\000\040\0001\0007\000.\0002}{section.17}% 110
\BOOKMARK [2][-]{subsection.17.3}{\376\377\000A\000u\000f\000g\000a\000b\000e\000\040\0001\0007\000.\0003}{section.17}% 111
\BOOKMARK [2][-]{subsection.17.4}{\376\377\000A\000u\000f\000g\000a\000b\000e\000\040\0001\0007\000.\0004}{section.17}% 112
\BOOKMARK [2][-]{subsection.17.5}{\376\377\000T\000u\000t\000o\000r\000i\000u\000m}{section.17}% 113
