This is XeTeX, Version 3.141592653-2.6-0.999994 (MiKTeX 23.1) (preloaded format=xelatex 2023.4.14)  17 APR 2023 20:37
entering extended mode
 restricted \write18 enabled.
 %&-line parsing enabled.
**./Analysis.tex
(Analysis.tex
LaTeX2e <2022-11-01> patch level 1
L3 programming layer <2023-03-30>
(/home/gaozehao/.miktex/texmfs/install/tex/latex/base/article.cls
Document Class: article 2022/07/02 v1.4n Standard LaTeX document class
(/home/gaozehao/.miktex/texmfs/install/tex/latex/base/size11.clo
File: size11.clo 2022/07/02 v1.4n Standard LaTeX file (size option)
)
\c@part=\count181
\c@section=\count182
\c@subsection=\count183
\c@subsubsection=\count184
\c@paragraph=\count185
\c@subparagraph=\count186
\c@figure=\count187
\c@table=\count188
\abovecaptionskip=\skip48
\belowcaptionskip=\skip49
\bibindent=\dimen140
)
(conf/usepackage.tex
(/home/gaozehao/.miktex/texmfs/install/tex/latex/fontspec/fontspec.sty
(/home/gaozehao/.miktex/texmfs/install/tex/latex/l3packages/xparse/xparse.sty
(/home/gaozehao/.miktex/texmfs/install/tex/latex/l3kernel/expl3.sty
Package: expl3 2023-03-30 L3 programming layer (loader) 

(/home/gaozehao/.miktex/texmfs/install/tex/latex/l3backend/l3backend-xetex.def
File: l3backend-xetex.def 2023-03-30 L3 backend support: XeTeX
\g__graphics_track_int=\count189
\l__pdf_internal_box=\box51
\g__pdf_backend_object_int=\count190
\g__pdf_backend_annotation_int=\count191
\g__pdf_backend_link_int=\count192
))
Package: xparse 2023-01-16 L3 Experimental document command parser
)
Package: fontspec 2022/01/15 v2.8a Font selection for XeLaTeX and LuaLaTeX
 (/home/gaozehao/.miktex/texmfs/install/tex/latex/fontspec/fontspec-xetex.sty
Package: fontspec-xetex 2022/01/15 v2.8a Font selection for XeLaTeX and LuaLaTe
X
\l__fontspec_script_int=\count193
\l__fontspec_language_int=\count194
\l__fontspec_strnum_int=\count195
\l__fontspec_tmp_int=\count196
\l__fontspec_tmpa_int=\count197
\l__fontspec_tmpb_int=\count198
\l__fontspec_tmpc_int=\count199
\l__fontspec_em_int=\count266
\l__fontspec_emdef_int=\count267
\l__fontspec_strong_int=\count268
\l__fontspec_strongdef_int=\count269
\l__fontspec_tmpa_dim=\dimen141
\l__fontspec_tmpb_dim=\dimen142
\l__fontspec_tmpc_dim=\dimen143
(/home/gaozehao/.miktex/texmfs/install/tex/latex/base/fontenc.sty
Package: fontenc 2021/04/29 v2.0v Standard LaTeX package
)
(/home/gaozehao/.miktex/texmfs/install/tex/latex/fontspec/fontspec.cfg)))
(/home/gaozehao/.miktex/texmfs/install/tex/xelatex/xunicode/xunicode.sty
File: xunicode.sty 2011/09/09 v0.981 provides access to latin accents and many 
other characters in Unicode lower plane

(/home/gaozehao/.miktex/texmfs/install/tex/latex/tipa/t3enc.def
File: t3enc.def 2001/12/31 T3 encoding
)
\tipaTiiicode=\count270
\tipasavetokens=\toks16
\tipachecktokens=\toks17

(/home/gaozehao/.miktex/texmfs/install/tex/latex/graphics/graphicx.sty
Package: graphicx 2021/09/16 v1.2d Enhanced LaTeX Graphics (DPC,SPQR)

(/home/gaozehao/.miktex/texmfs/install/tex/latex/graphics/keyval.sty
Package: keyval 2022/05/29 v1.15 key=value parser (DPC)
\KV@toks@=\toks18
)
(/home/gaozehao/.miktex/texmfs/install/tex/latex/graphics/graphics.sty
Package: graphics 2022/03/10 v1.4e Standard LaTeX Graphics (DPC,SPQR)

(/home/gaozehao/.miktex/texmfs/install/tex/latex/graphics/trig.sty
Package: trig 2021/08/11 v1.11 sin cos tan (DPC)
)
(/home/gaozehao/.miktex/texmfs/install/tex/latex/graphics-cfg/graphics.cfg
File: graphics.cfg 2016/06/04 v1.11 sample graphics configuration
)
Package graphics Info: Driver file: xetex.def on input line 107.

(/home/gaozehao/.miktex/texmfs/install/tex/latex/graphics-def/xetex.def
File: xetex.def 2022/09/22 v5.0n Graphics/color driver for xetex
))
\Gin@req@height=\dimen144
\Gin@req@width=\dimen145
))
(/home/gaozehao/.miktex/texmfs/install/tex/latex/xltxtra/xltxtra.sty
Package: xltxtra 2018/12/31 v0.7 Improvements for the "XeLaTeX" format

(/home/gaozehao/.miktex/texmfs/install/tex/generic/iftex/ifluatex.sty
Package: ifluatex 2019/10/25 v1.5 ifluatex legacy package. Use iftex instead.

(/home/gaozehao/.miktex/texmfs/install/tex/generic/iftex/iftex.sty
Package: iftex 2022/02/03 v1.0f TeX engine tests
))
(/home/gaozehao/.miktex/texmfs/install/tex/generic/iftex/ifxetex.sty
Package: ifxetex 2019/10/25 v0.7 ifxetex legacy package. Use iftex instead.
)
(/home/gaozehao/.miktex/texmfs/install/tex/latex/realscripts/realscripts.sty
Package: realscripts 2016/02/13 v0.3d Access OpenType subscripts and superscrip
ts
\subsupersep=\dimen146
)
(/home/gaozehao/.miktex/texmfs/install/tex/latex/metalogo/metalogo.sty
Package: metalogo 2010/05/29 v0.12 Extended TeX logo macros
\xl@everylogo=\toks19
\xl@@everylogo=\toks20
LaTeX Info: Redefining \TeX on input line 193.
LaTeX Info: Redefining \LaTeX on input line 202.
LaTeX Info: Redefining \LaTeXe on input line 219.
)
\l__xetex_show_hyphens_wrapping_box=\box52
\l__xetex_show_hyphens_temp_box=\box53
\l__xetex_show_hyphens_final_box=\box54
\g__xetex_show_hyphens_word_box=\box55
)
(/home/gaozehao/.miktex/texmfs/install/tex/latex/polyglossia/polyglossia.sty
Package: polyglossia 2023/02/11 v1.60 Modern multilingual typesetting with XeLa
TeX and LuaLaTeX

(/home/gaozehao/.miktex/texmfs/install/tex/latex/etoolbox/etoolbox.sty
Package: etoolbox 2020/10/05 v2.5k e-TeX tools for LaTeX (JAW)
\etb@tempcnta=\count271
)
(/home/gaozehao/.miktex/texmfs/install/tex/latex/makecmds/makecmds.sty
Package: makecmds 2009/09/03 v1.0a extra command making commands
)
(/home/gaozehao/.miktex/texmfs/install/tex/latex/xkeyval/xkeyval.sty
Package: xkeyval 2022/06/16 v2.9 package option processing (HA)

(/home/gaozehao/.miktex/texmfs/install/tex/generic/xkeyval/xkeyval.tex
(/home/gaozehao/.miktex/texmfs/install/tex/generic/xkeyval/xkvutils.tex
\XKV@toks=\toks21
\XKV@tempa@toks=\toks22
)
\XKV@depth=\count272
File: xkeyval.tex 2014/12/03 v2.7a key=value parser (HA)
))
(/home/gaozehao/.miktex/texmfs/install/tex/latex/l3packages/l3keys2e/l3keys2e.s
ty
Package: l3keys2e 2023-01-16 LaTeX2e option processing using LaTeX3 keys
)
\xpg@normalclass=\XeTeXcharclass1

(/home/gaozehao/.miktex/texmfs/install/tex/latex/polyglossia/gloss-latex.lde
Package: gloss-latex 2023/02/11 vv1.60 polyglossia: module for default language

The property list \polyglossia@langsetup contains the pairs (without outer
braces):
>  {latex/script}  =>  {latin}
>  {latex/lcscript}  =>  {latin}
>  {latex/scripttag}  =>  {}
>  {latex/language}  =>  {Latex}
>  {latex/langtag}  =>  {ENG}
>  {latex/bcp47}  =>  {}
>  {latex/hyphennames}  =>  {english}
>  {latex/direction}  =>  {LR}
>  {latex/hyphenmins}  =>  {2,3}
>  {latex/frenchspacing}  =>  {false}
>  {latex/indentfirst}  =>  {false}
>  {latex/fontsetup}  =>  {true}
>  {latex/envname}  =>  {latex}
>  {latex/babelname}  =>  {latex}
>  {latex/localnumeral}  =>  {polyglossia@C@localnumeral}
>  {latex/Localnumeral}  =>  {polyglossia@C@localnumeral}
>  {latex/DefineCommandsCmd}  =>  {use_none:n}.


Package polyglossia Warning: No hyphenation patterns were loaded for `latex'
(polyglossia)                I will use \language=\l@nohyphenation instead on i
nput line 12.

\l@latex = a dialect from \language\l@nohyphenation 
)
Package polyglossia Info: Default language is latex.
) (/home/gaozehao/.miktex/texmfs/install/tex/latex/amsmath/amsmath.sty
Package: amsmath 2022/04/08 v2.17n AMS math features
\@mathmargin=\skip50

For additional information on amsmath, use the `?' option.
(/home/gaozehao/.miktex/texmfs/install/tex/latex/amsmath/amstext.sty
Package: amstext 2021/08/26 v2.01 AMS text

(/home/gaozehao/.miktex/texmfs/install/tex/latex/amsmath/amsgen.sty
File: amsgen.sty 1999/11/30 v2.0 generic functions
\@emptytoks=\toks23
\ex@=\dimen147
))
(/home/gaozehao/.miktex/texmfs/install/tex/latex/amsmath/amsbsy.sty
Package: amsbsy 1999/11/29 v1.2d Bold Symbols
\pmbraise@=\dimen148
)
(/home/gaozehao/.miktex/texmfs/install/tex/latex/amsmath/amsopn.sty
Package: amsopn 2022/04/08 v2.04 operator names
)
\inf@bad=\count273
LaTeX Info: Redefining \frac on input line 234.
\uproot@=\count274
\leftroot@=\count275
LaTeX Info: Redefining \overline on input line 399.
LaTeX Info: Redefining \colon on input line 410.
\classnum@=\count276
\DOTSCASE@=\count277
LaTeX Info: Redefining \ldots on input line 496.
LaTeX Info: Redefining \dots on input line 499.
LaTeX Info: Redefining \cdots on input line 620.
\Mathstrutbox@=\box56
\strutbox@=\box57
LaTeX Info: Redefining \big on input line 722.
LaTeX Info: Redefining \Big on input line 723.
LaTeX Info: Redefining \bigg on input line 724.
LaTeX Info: Redefining \Bigg on input line 725.
\big@size=\dimen149
LaTeX Font Info:    Redeclaring font encoding OML on input line 743.
LaTeX Font Info:    Redeclaring font encoding OMS on input line 744.
\macc@depth=\count278
LaTeX Info: Redefining \bmod on input line 905.
LaTeX Info: Redefining \pmod on input line 910.
LaTeX Info: Redefining \smash on input line 940.
LaTeX Info: Redefining \relbar on input line 970.
LaTeX Info: Redefining \Relbar on input line 971.
\c@MaxMatrixCols=\count279
\dotsspace@=\muskip16
\c@parentequation=\count280
\dspbrk@lvl=\count281
\tag@help=\toks24
\row@=\count282
\column@=\count283
\maxfields@=\count284
\andhelp@=\toks25
\eqnshift@=\dimen150
\alignsep@=\dimen151
\tagshift@=\dimen152
\tagwidth@=\dimen153
\totwidth@=\dimen154
\lineht@=\dimen155
\@envbody=\toks26
\multlinegap=\skip51
\multlinetaggap=\skip52
\mathdisplay@stack=\toks27
LaTeX Info: Redefining \[ on input line 2953.
LaTeX Info: Redefining \] on input line 2954.
)
(/home/gaozehao/.miktex/texmfs/install/tex/latex/amsfonts/amsfonts.sty
Package: amsfonts 2013/01/14 v3.01 Basic AMSFonts support
\symAMSa=\mathgroup4
\symAMSb=\mathgroup5
LaTeX Font Info:    Redeclaring math symbol \hbar on input line 98.
LaTeX Font Info:    Overwriting math alphabet `\mathfrak' in version `bold'
(Font)                  U/euf/m/n --> U/euf/b/n on input line 106.
)
(/home/gaozehao/.miktex/texmfs/install/tex/latex/amsfonts/amssymb.sty
Package: amssymb 2013/01/14 v3.01 AMS font symbols
)
(/home/gaozehao/.miktex/texmfs/install/tex/latex/geometry/geometry.sty
Package: geometry 2020/01/02 v5.9 Page Geometry

(/home/gaozehao/.miktex/texmfs/install/tex/generic/iftex/ifvtex.sty
Package: ifvtex 2019/10/25 v1.7 ifvtex legacy package. Use iftex instead.
)
\Gm@cnth=\count285
\Gm@cntv=\count286
\c@Gm@tempcnt=\count287
\Gm@bindingoffset=\dimen156
\Gm@wd@mp=\dimen157
\Gm@odd@mp=\dimen158
\Gm@even@mp=\dimen159
\Gm@layoutwidth=\dimen160
\Gm@layoutheight=\dimen161
\Gm@layouthoffset=\dimen162
\Gm@layoutvoffset=\dimen163
\Gm@dimlist=\toks28

(/home/gaozehao/.miktex/texmfs/install/tex/latex/geometry/geometry.cfg))
(/home/gaozehao/.miktex/texmfs/install/tex/latex/tools/afterpage.sty
Package: afterpage 2014/10/28 v1.08 After-Page Package (DPC)
\AP@output=\toks29
\AP@partial=\box58
\AP@footins=\box59
)
(/home/gaozehao/.miktex/texmfs/install/tex/latex/xcolor/xcolor.sty
Package: xcolor 2022/06/12 v2.14 LaTeX color extensions (UK)

(/home/gaozehao/.miktex/texmfs/install/tex/latex/graphics-cfg/color.cfg
File: color.cfg 2016/01/02 v1.6 sample color configuration
)
Package xcolor Info: Driver file: xetex.def on input line 227.

(/home/gaozehao/.miktex/texmfs/install/tex/latex/graphics/mathcolor.ltx)
Package xcolor Info: Model `cmy' substituted by `cmy0' on input line 1353.
Package xcolor Info: Model `RGB' extended on input line 1369.
Package xcolor Info: Model `HTML' substituted by `rgb' on input line 1371.
Package xcolor Info: Model `Hsb' substituted by `hsb' on input line 1372.
Package xcolor Info: Model `tHsb' substituted by `hsb' on input line 1373.
Package xcolor Info: Model `HSB' substituted by `hsb' on input line 1374.
Package xcolor Info: Model `Gray' substituted by `gray' on input line 1375.
Package xcolor Info: Model `wave' substituted by `hsb' on input line 1376.
)
(/home/gaozehao/.miktex/texmfs/install/tex/latex/pagecolor/pagecolor.sty
Package: pagecolor 2023-02-14 v1.2b Provides thepagecolor (HMM)

(/home/gaozehao/.miktex/texmfs/install/tex/latex/hardwrap/hardwrap.sty
Package: hardwrap 2011/02/12 v0.2 Hard wrap messages

(/home/gaozehao/.miktex/texmfs/install/tex/latex/ifplatform/ifplatform.sty
Package: ifplatform 2017/10/13 v0.4a Testing for the operating system

(/home/gaozehao/.miktex/texmfs/install/tex/latex/tools/shellesc.sty
Package: shellesc 2019/11/08 v1.0c unified shell escape interface for LaTeX
Package shellesc Info: Restricted shell escape enabled on input line 77.
)
(/home/gaozehao/.miktex/texmfs/install/tex/generic/pdftexcmds/pdftexcmds.sty
Package: pdftexcmds 2020-06-27 v0.33 Utility functions of pdfTeX for LuaTeX (HO
)

(/home/gaozehao/.miktex/texmfs/install/tex/generic/infwarerr/infwarerr.sty
Package: infwarerr 2019/12/03 v1.5 Providing info/warning/error messages (HO)
)
(/home/gaozehao/.miktex/texmfs/install/tex/generic/ltxcmds/ltxcmds.sty
Package: ltxcmds 2020-05-10 v1.25 LaTeX kernel commands for general use (HO)
)
Package pdftexcmds Info: \pdf@primitive is available.
Package pdftexcmds Info: \pdf@ifprimitive is available.
Package pdftexcmds Info: \pdfdraftmode not found.
)
(/home/gaozehao/.miktex/texmfs/install/tex/generic/catchfile/catchfile.sty
Package: catchfile 2019/12/09 v1.8 Catch the contents of a file (HO)

(/home/gaozehao/.miktex/texmfs/install/tex/generic/etexcmds/etexcmds.sty
Package: etexcmds 2019/12/15 v1.7 Avoid name clashes with e-TeX commands (HO)
))

Package ifplatform Warning: 
    shell escape is disabled, so I can only detect \ifwindows.

)
\hw@charcount=\count288
\hw@wordcount=\count289
\hw@maxprintline=\count290
) (/home/gaozehao/.miktex/texmfs/install/tex/latex/kvoptions/kvoptions.sty
Package: kvoptions 2022-06-15 v3.15 Key value format for package options (HO)

(/home/gaozehao/.miktex/texmfs/install/tex/latex/kvsetkeys/kvsetkeys.sty
Package: kvsetkeys 2022-10-05 v1.19 Key value parser (HO)
)))
(/home/gaozehao/.miktex/texmfs/install/tex/latex/mathtools/mathtools.sty
Package: mathtools 2022/06/29 v1.29 mathematical typesetting tools

(/home/gaozehao/.miktex/texmfs/install/tex/latex/tools/calc.sty
Package: calc 2017/05/25 v4.3 Infix arithmetic (KKT,FJ)
\calc@Acount=\count291
\calc@Bcount=\count292
\calc@Adimen=\dimen164
\calc@Bdimen=\dimen165
\calc@Askip=\skip53
\calc@Bskip=\skip54
LaTeX Info: Redefining \setlength on input line 80.
LaTeX Info: Redefining \addtolength on input line 81.
\calc@Ccount=\count293
\calc@Cskip=\skip55
)
(/home/gaozehao/.miktex/texmfs/install/tex/latex/mathtools/mhsetup.sty
Package: mhsetup 2021/03/18 v1.4 programming setup (MH)
)
\g_MT_multlinerow_int=\count294
\l_MT_multwidth_dim=\dimen166
\origjot=\skip56
\l_MT_shortvdotswithinadjustabove_dim=\dimen167
\l_MT_shortvdotswithinadjustbelow_dim=\dimen168
\l_MT_above_intertext_sep=\dimen169
\l_MT_below_intertext_sep=\dimen170
\l_MT_above_shortintertext_sep=\dimen171
\l_MT_below_shortintertext_sep=\dimen172
\xmathstrut@box=\box60
\xmathstrut@dim=\dimen173
)
(/home/gaozehao/.miktex/texmfs/install/tex/latex/hyperref/hyperref.sty
Package: hyperref 2023-02-07 v7.00v Hypertext links for LaTeX

(/home/gaozehao/.miktex/texmfs/install/tex/generic/kvdefinekeys/kvdefinekeys.st
y
Package: kvdefinekeys 2019-12-19 v1.6 Define keys (HO)
) (/home/gaozehao/.miktex/texmfs/install/tex/generic/pdfescape/pdfescape.sty
Package: pdfescape 2019/12/09 v1.15 Implements pdfTeX's escape features (HO)
)
(/home/gaozehao/.miktex/texmfs/install/tex/latex/hycolor/hycolor.sty
Package: hycolor 2020-01-27 v1.10 Color options for hyperref/bookmark (HO)
)
(/home/gaozehao/.miktex/texmfs/install/tex/latex/letltxmacro/letltxmacro.sty
Package: letltxmacro 2019/12/03 v1.6 Let assignment for LaTeX macros (HO)
)
(/home/gaozehao/.miktex/texmfs/install/tex/latex/auxhook/auxhook.sty
Package: auxhook 2019-12-17 v1.6 Hooks for auxiliary files (HO)
)
(/home/gaozehao/.miktex/texmfs/install/tex/latex/hyperref/nameref.sty
Package: nameref 2022-05-17 v2.50 Cross-referencing by name of section

(/home/gaozehao/.miktex/texmfs/install/tex/latex/refcount/refcount.sty
Package: refcount 2019/12/15 v3.6 Data extraction from label references (HO)
)
(/home/gaozehao/.miktex/texmfs/install/tex/generic/gettitlestring/gettitlestrin
g.sty
Package: gettitlestring 2019/12/15 v1.6 Cleanup title references (HO)
)
\c@section@level=\count295
)
\@linkdim=\dimen174
\Hy@linkcounter=\count296
\Hy@pagecounter=\count297
 (/home/gaozehao/.miktex/texmfs/install/tex/latex/hyperref/pd1enc.def
File: pd1enc.def 2023-02-07 v7.00v Hyperref: PDFDocEncoding definition (HO)
)
(/home/gaozehao/.miktex/texmfs/install/tex/generic/intcalc/intcalc.sty
Package: intcalc 2019/12/15 v1.3 Expandable calculations with integers (HO)
)
\Hy@SavedSpaceFactor=\count298

(/home/gaozehao/.miktex/texmfs/install/tex/latex/hyperref/puenc.def
File: puenc.def 2023-02-07 v7.00v Hyperref: PDF Unicode definition (HO)

(/home/gaozehao/.miktex/texmfs/install/tex/latex/hyperref/puenc-greekbasic.def
File: puenc-greekbasic.def 2023-02-07 v7.00v Hyperref: PDF Unicode definition (
greek block) (HO)
))
Package hyperref Info: Hyper figures OFF on input line 4177.
Package hyperref Info: Link nesting OFF on input line 4182.
Package hyperref Info: Hyper index ON on input line 4185.
Package hyperref Info: Plain pages OFF on input line 4192.
Package hyperref Info: Backreferencing OFF on input line 4197.
Package hyperref Info: Implicit mode ON; LaTeX internals redefined.
Package hyperref Info: Bookmarks ON on input line 4425.
\c@Hy@tempcnt=\count299
 (/home/gaozehao/.miktex/texmfs/install/tex/latex/url/url.sty
\Urlmuskip=\muskip17
Package: url 2013/09/16  ver 3.4  Verb mode for urls, etc.
)
LaTeX Info: Redefining \url on input line 4763.
\XeTeXLinkMargin=\dimen175

(/home/gaozehao/.miktex/texmfs/install/tex/generic/bitset/bitset.sty
Package: bitset 2019/12/09 v1.3 Handle bit-vector datatype (HO)

(/home/gaozehao/.miktex/texmfs/install/tex/generic/bigintcalc/bigintcalc.sty
Package: bigintcalc 2019/12/15 v1.5 Expandable calculations on big integers (HO
)
))
\Fld@menulength=\count300
\Field@Width=\dimen176
\Fld@charsize=\dimen177
Package hyperref Info: Hyper figures OFF on input line 6042.
Package hyperref Info: Link nesting OFF on input line 6047.
Package hyperref Info: Hyper index ON on input line 6050.
Package hyperref Info: backreferencing OFF on input line 6057.
Package hyperref Info: Link coloring OFF on input line 6062.
Package hyperref Info: Link coloring with OCG OFF on input line 6067.
Package hyperref Info: PDF/A mode OFF on input line 6072.

(/home/gaozehao/.miktex/texmfs/install/tex/latex/base/atbegshi-ltx.sty
Package: atbegshi-ltx 2021/01/10 v1.0c Emulation of the original atbegshi
package with kernel methods
)
\Hy@abspage=\count301
\c@Item=\count302
\c@Hfootnote=\count303
)
Package hyperref Info: Driver (autodetected): hxetex.

(/home/gaozehao/.miktex/texmfs/install/tex/latex/hyperref/hxetex.def
File: hxetex.def 2023-02-07 v7.00v Hyperref driver for XeTeX

(/home/gaozehao/.miktex/texmfs/install/tex/generic/stringenc/stringenc.sty
Package: stringenc 2019/11/29 v1.12 Convert strings between diff. encodings (HO
)
)
\pdfm@box=\box61
\c@Hy@AnnotLevel=\count304
\HyField@AnnotCount=\count305
\Fld@listcount=\count306
\c@bookmark@seq@number=\count307

(/home/gaozehao/.miktex/texmfs/install/tex/latex/rerunfilecheck/rerunfilecheck.
sty
Package: rerunfilecheck 2022-07-10 v1.10 Rerun checks for auxiliary files (HO)
 (/home/gaozehao/.miktex/texmfs/install/tex/latex/base/atveryend-ltx.sty
Package: atveryend-ltx 2020/08/19 v1.0a Emulation of the original atveryend pac
kage
with kernel methods
)
(/home/gaozehao/.miktex/texmfs/install/tex/generic/uniquecounter/uniquecounter.
sty
Package: uniquecounter 2019/12/15 v1.4 Provide unlimited unique counter (HO)
)
Package uniquecounter Info: New unique counter `rerunfilecheck' on input line 2
85.
)
\Hy@SectionHShift=\skip57
) (/home/gaozehao/.miktex/texmfs/install/tex/latex/blindtext/blindtext.sty
Package: blindtext 2012/01/06 V2.0 blindtext-Package
(/home/gaozehao/.miktex/texmfs/install/tex/latex/tools/xspace.sty
Package: xspace 2014/10/28 v1.13 Space after command names (DPC,MH)
)
\c@blindtext=\count308
\c@Blindtext=\count309
\c@blind@countparstart=\count310
\blind@countxx=\count311
\blindtext@numBlindtext=\count312
\blind@countyy=\count313
\c@blindlist=\count314
\c@blindlistlevel=\count315
\c@blindlist@level=\count316
\blind@listitem=\count317
\c@blind@listcount=\count318
\c@blind@levelcount=\count319
\blind@mathformula=\count320
\blind@Mathformula=\count321
\c@blind@randomcount=\count322
\c@blind@randommax=\count323
\c@blind@pangramcount=\count324
\c@blind@pangrammax=\count325
)
(/home/gaozehao/.miktex/texmfs/install/tex/latex/mahjong/mahjong.sty
Package: mahjong 2021/04/16 v1.0.1 Typeset Mahjong Hands

(/home/gaozehao/.miktex/texmfs/install/tex/latex/stackengine/stackengine.sty
Package: stackengine 2021/07/22 v4.11\ Stacking text and objects in convenient 
ways

(/home/gaozehao/.miktex/texmfs/install/tex/latex/listofitems/listofitems.sty
(/home/gaozehao/.miktex/texmfs/install/tex/generic/listofitems/listofitems.tex
Invalid UTF-8 byte or sequence at line 50 replaced by U+FFFD.
Invalid UTF-8 byte or sequence at line 50 replaced by U+FFFD.
Invalid UTF-8 byte or sequence at line 52 replaced by U+FFFD.
Invalid UTF-8 byte or sequence at line 52 replaced by U+FFFD.
Invalid UTF-8 byte or sequence at line 52 replaced by U+FFFD.
Invalid UTF-8 byte or sequence at line 96 replaced by U+FFFD.
Invalid UTF-8 byte or sequence at line 96 replaced by U+FFFD.
Invalid UTF-8 byte or sequence at line 104 replaced by U+FFFD.
Invalid UTF-8 byte or sequence at line 105 replaced by U+FFFD.
\loi_cnt_foreach_nest=\count326
Invalid UTF-8 byte or sequence at line 139 replaced by U+FFFD.
Invalid UTF-8 byte or sequence at line 146 replaced by U+FFFD.
Invalid UTF-8 byte or sequence at line 192 replaced by U+FFFD.
Invalid UTF-8 byte or sequence at line 209 replaced by U+FFFD.
Invalid UTF-8 byte or sequence at line 209 replaced by U+FFFD.
Invalid UTF-8 byte or sequence at line 222 replaced by U+FFFD.
Invalid UTF-8 byte or sequence at line 222 replaced by U+FFFD.
Invalid UTF-8 byte or sequence at line 223 replaced by U+FFFD.
Invalid UTF-8 byte or sequence at line 223 replaced by U+FFFD.
Invalid UTF-8 byte or sequence at line 224 replaced by U+FFFD.
Invalid UTF-8 byte or sequence at line 226 replaced by U+FFFD.
Invalid UTF-8 byte or sequence at line 226 replaced by U+FFFD.
Invalid UTF-8 byte or sequence at line 238 replaced by U+FFFD.
Invalid UTF-8 byte or sequence at line 243 replaced by U+FFFD.
Invalid UTF-8 byte or sequence at line 243 replaced by U+FFFD.
Invalid UTF-8 byte or sequence at line 260 replaced by U+FFFD.
Invalid UTF-8 byte or sequence at line 284 replaced by U+FFFD.
Invalid UTF-8 byte or sequence at line 310 replaced by U+FFFD.
Invalid UTF-8 byte or sequence at line 310 replaced by U+FFFD.
Invalid UTF-8 byte or sequence at line 324 replaced by U+FFFD.
Invalid UTF-8 byte or sequence at line 337 replaced by U+FFFD.
Invalid UTF-8 byte or sequence at line 337 replaced by U+FFFD.
Invalid UTF-8 byte or sequence at line 339 replaced by U+FFFD.
Invalid UTF-8 byte or sequence at line 350 replaced by U+FFFD.
Invalid UTF-8 byte or sequence at line 350 replaced by U+FFFD.
Invalid UTF-8 byte or sequence at line 350 replaced by U+FFFD.
Invalid UTF-8 byte or sequence at line 354 replaced by U+FFFD.
\loi_nestcnt=\count327
Invalid UTF-8 byte or sequence at line 367 replaced by U+FFFD.
Invalid UTF-8 byte or sequence at line 367 replaced by U+FFFD.
Invalid UTF-8 byte or sequence at line 367 replaced by U+FFFD.
Invalid UTF-8 byte or sequence at line 367 replaced by U+FFFD.
Invalid UTF-8 byte or sequence at line 375 replaced by U+FFFD.
Invalid UTF-8 byte or sequence at line 375 replaced by U+FFFD.
Invalid UTF-8 byte or sequence at line 375 replaced by U+FFFD.
Invalid UTF-8 byte or sequence at line 375 replaced by U+FFFD.
Invalid UTF-8 byte or sequence at line 377 replaced by U+FFFD.
Invalid UTF-8 byte or sequence at line 378 replaced by U+FFFD.
Invalid UTF-8 byte or sequence at line 398 replaced by U+FFFD.
Invalid UTF-8 byte or sequence at line 398 replaced by U+FFFD.
Invalid UTF-8 byte or sequence at line 399 replaced by U+FFFD.
Invalid UTF-8 byte or sequence at line 399 replaced by U+FFFD.
Invalid UTF-8 byte or sequence at line 399 replaced by U+FFFD.
Invalid UTF-8 byte or sequence at line 399 replaced by U+FFFD.
Invalid UTF-8 byte or sequence at line 399 replaced by U+FFFD.
Invalid UTF-8 byte or sequence at line 399 replaced by U+FFFD.
Invalid UTF-8 byte or sequence at line 409 replaced by U+FFFD.
Invalid UTF-8 byte or sequence at line 410 replaced by U+FFFD.
Invalid UTF-8 byte or sequence at line 410 replaced by U+FFFD.
Invalid UTF-8 byte or sequence at line 410 replaced by U+FFFD.
Invalid UTF-8 byte or sequence at line 410 replaced by U+FFFD.
Invalid UTF-8 byte or sequence at line 411 replaced by U+FFFD.
Invalid UTF-8 byte or sequence at line 411 replaced by U+FFFD.
Invalid UTF-8 byte or sequence at line 411 replaced by U+FFFD.
Invalid UTF-8 byte or sequence at line 411 replaced by U+FFFD.
Invalid UTF-8 byte or sequence at line 411 replaced by U+FFFD.
Invalid UTF-8 byte or sequence at line 411 replaced by U+FFFD.
Invalid UTF-8 byte or sequence at line 414 replaced by U+FFFD.
Invalid UTF-8 byte or sequence at line 422 replaced by U+FFFD.
Invalid UTF-8 byte or sequence at line 422 replaced by U+FFFD.
Invalid UTF-8 byte or sequence at line 426 replaced by U+FFFD.
Invalid UTF-8 byte or sequence at line 428 replaced by U+FFFD.
Invalid UTF-8 byte or sequence at line 433 replaced by U+FFFD.
Invalid UTF-8 byte or sequence at line 433 replaced by U+FFFD.
Invalid UTF-8 byte or sequence at line 441 replaced by U+FFFD.
Invalid UTF-8 byte or sequence at line 441 replaced by U+FFFD.
Invalid UTF-8 byte or sequence at line 442 replaced by U+FFFD.
Invalid UTF-8 byte or sequence at line 443 replaced by U+FFFD.
Invalid UTF-8 byte or sequence at line 443 replaced by U+FFFD.
Invalid UTF-8 byte or sequence at line 443 replaced by U+FFFD.
Invalid UTF-8 byte or sequence at line 446 replaced by U+FFFD.
Invalid UTF-8 byte or sequence at line 446 replaced by U+FFFD.
Invalid UTF-8 byte or sequence at line 446 replaced by U+FFFD.
Invalid UTF-8 byte or sequence at line 448 replaced by U+FFFD.
Invalid UTF-8 byte or sequence at line 448 replaced by U+FFFD.
Invalid UTF-8 byte or sequence at line 451 replaced by U+FFFD.
Invalid UTF-8 byte or sequence at line 455 replaced by U+FFFD.
Invalid UTF-8 byte or sequence at line 455 replaced by U+FFFD.
Invalid UTF-8 byte or sequence at line 458 replaced by U+FFFD.
Invalid UTF-8 byte or sequence at line 458 replaced by U+FFFD.
Invalid UTF-8 byte or sequence at line 472 replaced by U+FFFD.
Invalid UTF-8 byte or sequence at line 475 replaced by U+FFFD.
Invalid UTF-8 byte or sequence at line 492 replaced by U+FFFD.
Invalid UTF-8 byte or sequence at line 508 replaced by U+FFFD.
Invalid UTF-8 byte or sequence at line 508 replaced by U+FFFD.
Invalid UTF-8 byte or sequence at line 509 replaced by U+FFFD.
Invalid UTF-8 byte or sequence at line 509 replaced by U+FFFD.
Invalid UTF-8 byte or sequence at line 519 replaced by U+FFFD.
Invalid UTF-8 byte or sequence at line 541 replaced by U+FFFD.
Invalid UTF-8 byte or sequence at line 541 replaced by U+FFFD.
)
Package: listofitems 2019/08/21 v1.63 Grab items in lists using user-specified 
sep char (CT)
)
\c@@stackindex=\count328
\@boxshift=\skip58
\stack@tmplength=\skip59
\temp@stkl=\skip60
\@stackedboxwidth=\skip61
\@addedbox=\box62
\@anchorbox=\box63
\@insetbox=\box64
\se@backgroundbox=\box65
\stackedbox=\box66
\@centerbox=\box67
\c@ROWcellindex@=\count329
)
\g_mahjong_default_height=\dimen178
\l_mahjong_tile_height=\dimen179
\l__mahjong_tile_orientation_int=\count330
) (/home/gaozehao/.miktex/texmfs/install/tex/latex/amscls/amsthm.sty
Package: amsthm 2020/05/29 v2.20.6
\thm@style=\toks30
\thm@bodyfont=\toks31
\thm@headfont=\toks32
\thm@notefont=\toks33
\thm@headpunct=\toks34
\thm@preskip=\skip62
\thm@postskip=\skip63
\thm@headsep=\skip64
\dth@everypar=\toks35
)
(/home/gaozehao/.miktex/texmfs/install/tex/latex/chngcntr/chngcntr.sty
Package: chngcntr 2018/04/09 v1.1a change counter resetting
Package chngcntr Info: \counterwithout already defined.
(chngcntr)             Quitting chngcntr on input line 21.
)
(/home/gaozehao/.miktex/texmfs/install/tex/latex/stmaryrd/stmaryrd.sty
Package: stmaryrd 1994/03/03 St Mary's Road symbol package
\symstmry=\mathgroup6
LaTeX Font Info:    Overwriting symbol font `stmry' in version `bold'
(Font)                  U/stmry/m/n --> U/stmry/b/n on input line 89.
))
(/home/gaozehao/.miktex/texmfs/install/tex/latex/polyglossia/gloss-german.ldf
File: gloss-german.ldf polyglossia: module for German
The property list \polyglossia@langsetup contains the pairs (without outer
braces):
>  {latex/script}  =>  {latin}
>  {latex/lcscript}  =>  {latin}
>  {latex/scripttag}  =>  {}
>  {latex/language}  =>  {Latex}
>  {latex/langtag}  =>  {ENG}
>  {latex/bcp47}  =>  {}
>  {latex/hyphennames}  =>  {english}
>  {latex/direction}  =>  {LR}
>  {latex/hyphenmins}  =>  {2,3}
>  {latex/frenchspacing}  =>  {false}
>  {latex/indentfirst}  =>  {false}
>  {latex/fontsetup}  =>  {true}
>  {latex/envname}  =>  {latex}
>  {latex/babelname}  =>  {latex}
>  {latex/localnumeral}  =>  {polyglossia@C@localnumeral}
>  {latex/Localnumeral}  =>  {polyglossia@C@localnumeral}
>  {latex/DefineCommandsCmd}  =>  {use_none:n}
>  {german/script}  =>  {latin}
>  {german/lcscript}  =>  {latin}
>  {german/scripttag}  =>  {}
>  {german/language}  =>  {German}
>  {german/langtag}  =>  {DEU}
>  {german/bcp47}  =>  {de-DE}
>  {german/hyphennames}  =>  {}
>  {german/direction}  =>  {LR}
>  {german/hyphenmins}  =>  {2,2}
>  {german/frenchspacing}  =>  {true}
>  {german/indentfirst}  =>  {false}
>  {german/fontsetup}  =>  {true}
>  {german/envname}  =>  {german}
>  {german/babelname}  =>  {ngerman}
>  {german/localnumeral}  =>  {polyglossia@C@localnumeral}
>  {german/Localnumeral}  =>  {polyglossia@C@localnumeral}
>  {german/DefineCommandsCmd}  =>  {xpg_define_language_commands:e}.


Package polyglossia Warning: No hyphenation patterns were loaded for `german'
(polyglossia)                I will use \language=\l@nohyphenation instead on i
nput line 12.

\l@german = a dialect from \language\l@nohyphenation 
Package polyglossia Info: Option: German, spelling=new.
Package polyglossia Info: Option: German, script=latin.
Package polyglossia Info: Option: German, variant=german.
Package polyglossia Info: Option: German, variant=german.
Package polyglossia Info: Option: German, spelling=new.
Package polyglossia Info: Option: German, script=latin.
(/home/gaozehao/.miktex/texmfs/install/tex/latex/polyglossia/babelsh.def
File: babelsh.def 2022/06/21 Babel common definitions for shorthands
 Taken verbatim from babel files (2022/06/06 v3.76)
)
Package babel Info: Making " an active character on input line 179.
)
Package polyglossia Info: Default language is german.

(conf/newtheorem.tex
\c@theorem=\count331
\c@corollary=\count332
\c@definition=\count333
\c@exmp=\count334
) (Analysis.aux
LaTeX Info: Redefining \rmfamily on input line 18.
LaTeX Info: Redefining \sffamily on input line 18.
LaTeX Info: Redefining \ttfamily on input line 18.


Package polyglossia Warning: No hyphenation patterns were loaded for `ngerman'
(polyglossia)                I will use \language=\l@nohyphenation instead on i
nput line 18.

\l@ngerman = a dialect from \language\l@nohyphenation 
)
\openout1 = `Analysis.aux'.

LaTeX Font Info:    Checking defaults for OML/cmm/m/it on input line 17.
LaTeX Font Info:    ... okay on input line 17.
LaTeX Font Info:    Checking defaults for OMS/cmsy/m/n on input line 17.
LaTeX Font Info:    ... okay on input line 17.
LaTeX Font Info:    Checking defaults for OT1/cmr/m/n on input line 17.
LaTeX Font Info:    ... okay on input line 17.
LaTeX Font Info:    Checking defaults for T1/cmr/m/n on input line 17.
LaTeX Font Info:    ... okay on input line 17.
LaTeX Font Info:    Checking defaults for TS1/cmr/m/n on input line 17.
LaTeX Font Info:    Trying to load font information for TS1+cmr on input line 1
7.
 (/home/gaozehao/.miktex/texmfs/install/tex/latex/base/ts1cmr.fd
File: ts1cmr.fd 2022/07/10 v2.5l Standard LaTeX font definitions
)
LaTeX Font Info:    ... okay on input line 17.
LaTeX Font Info:    Checking defaults for TU/lmr/m/n on input line 17.
LaTeX Font Info:    ... okay on input line 17.
LaTeX Font Info:    Checking defaults for OMX/cmex/m/n on input line 17.
LaTeX Font Info:    ... okay on input line 17.
LaTeX Font Info:    Checking defaults for U/cmr/m/n on input line 17.
LaTeX Font Info:    ... okay on input line 17.
LaTeX Font Info:    Checking defaults for T3/cmr/m/n on input line 17.
LaTeX Font Info:    Trying to load font information for T3+cmr on input line 17
.

(/home/gaozehao/.miktex/texmfs/install/tex/latex/tipa/t3cmr.fd
File: t3cmr.fd 2001/12/31 TIPA font definitions
)
LaTeX Font Info:    ... okay on input line 17.
LaTeX Font Info:    Checking defaults for PD1/pdf/m/n on input line 17.
LaTeX Font Info:    ... okay on input line 17.
LaTeX Font Info:    Checking defaults for PU/pdf/m/n on input line 17.
LaTeX Font Info:    ... okay on input line 17.

Package fontspec Info: Adjusting the maths setup (use [no-math] to avoid
(fontspec)             this).

\symlegacymaths=\mathgroup7
LaTeX Font Info:    Overwriting symbol font `legacymaths' in version `bold'
(Font)                  OT1/cmr/m/n --> OT1/cmr/bx/n on input line 17.
LaTeX Font Info:    Redeclaring math accent \acute on input line 17.
LaTeX Font Info:    Redeclaring math accent \grave on input line 17.
LaTeX Font Info:    Redeclaring math accent \ddot on input line 17.
LaTeX Font Info:    Redeclaring math accent \tilde on input line 17.
LaTeX Font Info:    Redeclaring math accent \bar on input line 17.
LaTeX Font Info:    Redeclaring math accent \breve on input line 17.
LaTeX Font Info:    Redeclaring math accent \check on input line 17.
LaTeX Font Info:    Redeclaring math accent \hat on input line 17.
LaTeX Font Info:    Redeclaring math accent \dot on input line 17.
LaTeX Font Info:    Redeclaring math accent \mathring on input line 17.
LaTeX Font Info:    Redeclaring math symbol \Gamma on input line 17.
LaTeX Font Info:    Redeclaring math symbol \Delta on input line 17.
LaTeX Font Info:    Redeclaring math symbol \Theta on input line 17.
LaTeX Font Info:    Redeclaring math symbol \Lambda on input line 17.
LaTeX Font Info:    Redeclaring math symbol \Xi on input line 17.
LaTeX Font Info:    Redeclaring math symbol \Pi on input line 17.
LaTeX Font Info:    Redeclaring math symbol \Sigma on input line 17.
LaTeX Font Info:    Redeclaring math symbol \Upsilon on input line 17.
LaTeX Font Info:    Redeclaring math symbol \Phi on input line 17.
LaTeX Font Info:    Redeclaring math symbol \Psi on input line 17.
LaTeX Font Info:    Redeclaring math symbol \Omega on input line 17.
LaTeX Font Info:    Redeclaring math symbol \mathdollar on input line 17.
LaTeX Font Info:    Redeclaring symbol font `operators' on input line 17.
LaTeX Font Info:    Encoding `OT1' has changed to `TU' for symbol font
(Font)              `operators' in the math version `normal' on input line 17.
LaTeX Font Info:    Overwriting symbol font `operators' in version `normal'
(Font)                  OT1/cmr/m/n --> TU/lmr/m/n on input line 17.
LaTeX Font Info:    Encoding `OT1' has changed to `TU' for symbol font
(Font)              `operators' in the math version `bold' on input line 17.
LaTeX Font Info:    Overwriting symbol font `operators' in version `bold'
(Font)                  OT1/cmr/bx/n --> TU/lmr/m/n on input line 17.
LaTeX Font Info:    Overwriting symbol font `operators' in version `normal'
(Font)                  TU/lmr/m/n --> TU/lmr/m/n on input line 17.
LaTeX Font Info:    Overwriting math alphabet `\mathit' in version `normal'
(Font)                  OT1/cmr/m/it --> TU/lmr/m/it on input line 17.
LaTeX Font Info:    Overwriting math alphabet `\mathbf' in version `normal'
(Font)                  OT1/cmr/bx/n --> TU/lmr/b/n on input line 17.
LaTeX Font Info:    Overwriting math alphabet `\mathsf' in version `normal'
(Font)                  OT1/cmss/m/n --> TU/lmss/m/n on input line 17.
LaTeX Font Info:    Overwriting math alphabet `\mathtt' in version `normal'
(Font)                  OT1/cmtt/m/n --> TU/lmtt/m/n on input line 17.
LaTeX Font Info:    Overwriting symbol font `operators' in version `bold'
(Font)                  TU/lmr/m/n --> TU/lmr/b/n on input line 17.
LaTeX Font Info:    Overwriting math alphabet `\mathit' in version `bold'
(Font)                  OT1/cmr/bx/it --> TU/lmr/b/it on input line 17.
LaTeX Font Info:    Overwriting math alphabet `\mathsf' in version `bold'
(Font)                  OT1/cmss/bx/n --> TU/lmss/b/n on input line 17.
LaTeX Font Info:    Overwriting math alphabet `\mathtt' in version `bold'
(Font)                  OT1/cmtt/m/n --> TU/lmtt/b/n on input line 17.
The property list \__xpg_alias contains the pairs (without outer braces):
>  {latex/target}  =>  {latex}
>  {german/target}  =>  {german}
>  {de/target}  =>  {german}
>  {de-CH/target}  =>  {german}
>  {de-CH/variant}  =>  {swiss}
>  {de-CH/options}  =>  {variant=swiss,spelling=new}
>  {de-AT/target}  =>  {german}
>  {de-AT/variant}  =>  {austrian}
>  {de-AT/options}  =>  {variant=austrian,spelling=new}
>  {de-DE/target}  =>  {german}
>  {de-DE/variant}  =>  {german}
>  {de-DE/options}  =>  {variant=german,spelling=new}
>  {de-Latf-CH/target}  =>  {german}
>  {de-Latf-CH/variant}  =>  {swiss}
>  {de-Latf-CH/options}  =>  {variant=swiss,spelling=new,script=blackletter}
>  {de-Latf-DE/target}  =>  {german}
>  {de-Latf-DE/variant}  =>  {german}
>  {de-Latf-DE/options}  =>  {variant=german,spelling=new,script=blackletter}
>  {de-Latf-AT/target}  =>  {german}
>  {de-Latf-AT/variant}  =>  {austrian}
>  {de-Latf-AT/options}  => 
{variant=austrian,spelling=new,script=blackletter}
>  {de-AT-1901/target}  =>  {german}
>  {de-AT-1901/variant}  =>  {austrian}
>  {de-AT-1901/options}  =>  {variant=austrian,spelling=old}
>  {de-CH-1996/target}  =>  {german}
>  {de-CH-1996/variant}  =>  {swiss}
>  {de-CH-1996/options}  =>  {variant=swiss,spelling=new}
>  {de-AT-1996/target}  =>  {german}
>  {de-AT-1996/variant}  =>  {austrian}
>  {de-AT-1996/options}  =>  {variant=austrian,spelling=new}
>  {de-DE-1901/target}  =>  {german}
>  {de-DE-1901/variant}  =>  {german}
>  {de-DE-1901/options}  =>  {variant=german,spelling=old}
>  {de-Latf-CH-1901/target}  =>  {german}
>  {de-Latf-CH-1901/variant}  =>  {swiss}
>  {de-Latf-CH-1901/options}  => 
{variant=swiss,spelling=old,script=blackletter}
>  {de-CH-1901/target}  =>  {german}
>  {de-CH-1901/variant}  =>  {swiss}
>  {de-CH-1901/options}  =>  {variant=swiss,spelling=old}
>  {de-Latf-AT-1901/target}  =>  {german}
>  {de-Latf-AT-1901/variant}  =>  {austrian}
>  {de-Latf-AT-1901/options}  => 
{variant=austrian,spelling=old,script=blackletter}
>  {de-Latf-CH-1996/target}  =>  {german}
>  {de-Latf-CH-1996/variant}  =>  {swiss}
>  {de-Latf-CH-1996/options}  => 
{variant=swiss,spelling=new,script=blackletter}
>  {de-Latf/target}  =>  {german}
>  {de-Latf/options}  =>  {script=blackletter}
>  {de-DE-1996/target}  =>  {german}
>  {de-DE-1996/variant}  =>  {german}
>  {de-DE-1996/options}  =>  {variant=german,spelling=new}
>  {de-Latf-DE-1901/target}  =>  {german}
>  {de-Latf-DE-1901/variant}  =>  {german}
>  {de-Latf-DE-1901/options}  => 
{variant=german,spelling=old,script=blackletter}
>  {de-Latf-DE-1996/target}  =>  {german}
>  {de-Latf-DE-1996/variant}  =>  {german}
>  {de-Latf-DE-1996/options}  => 
{variant=german,spelling=new,script=blackletter}
>  {de-Latf-AT-1996/target}  =>  {german}
>  {de-Latf-AT-1996/variant}  =>  {austrian}
>  {de-Latf-AT-1996/options}  => 
{variant=austrian,spelling=new,script=blackletter}
>  {austrian/target}  =>  {german}
>  {austrian/variant}  =>  {austrian}
>  {austrian/options}  =>  {variant=austrian,spelling=old}
>  {naustrian/target}  =>  {german}
>  {naustrian/variant}  =>  {austrian}
>  {naustrian/options}  =>  {variant=austrian,spelling=new}
>  {germanb/target}  =>  {german}
>  {germanb/variant}  =>  {german}
>  {germanb/options}  =>  {variant=german,spelling=old}
>  {ngerman/target}  =>  {german}
>  {ngerman/variant}  =>  {german}
>  {ngerman/options}  =>  {variant=german,spelling=new}
>  {swissgerman/target}  =>  {german}
>  {swissgerman/variant}  =>  {swiss}
>  {swissgerman/options}  =>  {variant=swiss,spelling=old}
>  {nswissgerman/target}  =>  {german}
>  {nswissgerman/variant}  =>  {swiss}
>  {nswissgerman/options}  =>  {variant=swiss,spelling=new}.

*geometry* driver: auto-detecting
*geometry* detected driver: xetex
*geometry* verbose mode - [ preamble ] result:
* driver: xetex
* paper: a4paper
* layout: <same size as paper>
* layoutoffset:(h,v)=(0.0pt,0.0pt)
* modes: 
* h-part:(L,W,R)=(56.9055pt, 483.69687pt, 56.9055pt)
* v-part:(T,H,B)=(56.9055pt, 731.23584pt, 56.9055pt)
* \paperwidth=597.50787pt
* \paperheight=845.04684pt
* \textwidth=483.69687pt
* \textheight=731.23584pt
* \oddsidemargin=-15.36449pt
* \evensidemargin=-15.36449pt
* \topmargin=-52.36449pt
* \headheight=12.0pt
* \headsep=25.0pt
* \topskip=11.0pt
* \footskip=30.0pt
* \marginparwidth=50.0pt
* \marginparsep=10.0pt
* \columnsep=10.0pt
* \skip\footins=10.0pt plus 4.0pt minus 2.0pt
* \hoffset=0.0pt
* \voffset=0.0pt
* \mag=1000
* \@twocolumnfalse
* \@twosidefalse
* \@mparswitchfalse
* \@reversemarginfalse
* (1in=72.27pt=25.4mm, 1cm=28.453pt)

Package hyperref Info: Link coloring OFF on input line 17.
(Analysis.out) (Analysis.out)
\@outlinefile=\write3
\openout3 = `Analysis.out'.

LaTeX Info: Redefining \rmfamily on input line 17.
LaTeX Info: Redefining \sffamily on input line 17.
LaTeX Info: Redefining \ttfamily on input line 17.
 (conf/titlepage.tex
File: ./pics/Cauchy.jpg Graphic file (type bmp)
<./pics/Cauchy.jpg>
LaTeX Font Info:    Trying to load font information for U+msa on input line 44.


(/home/gaozehao/.miktex/texmfs/install/tex/latex/amsfonts/umsa.fd
File: umsa.fd 2013/01/14 v3.01 AMS symbols A
)
LaTeX Font Info:    Trying to load font information for U+msb on input line 44.


(/home/gaozehao/.miktex/texmfs/install/tex/latex/amsfonts/umsb.fd
File: umsb.fd 2013/01/14 v3.01 AMS symbols B
)
LaTeX Font Info:    Trying to load font information for U+stmry on input line 4
4.

(/home/gaozehao/.miktex/texmfs/install/tex/latex/stmaryrd/Ustmry.fd) [1

])
(Analysis.toc
LaTeX Info: Redefining \rmfamily on input line 1.
LaTeX Info: Redefining \sffamily on input line 1.
LaTeX Info: Redefining \ttfamily on input line 1.

Missing character: There is no 채 in font cmmi10!
Missing character: There is no 채 in font cmmi10!
[1] [2])
\tf@toc=\write4
\openout4 = `Analysis.toc'.

 [3] (Section/1.tex

Package hyperref Warning: Token not allowed in a PDF string (Unicode):
(hyperref)                removing `math shift' on input line 1.


Package hyperref Warning: Token not allowed in a PDF string (Unicode):
(hyperref)                removing `math shift' on input line 1.


Underfull \hbox (badness 10000) in paragraph at lines 33--34

 []


Underfull \hbox (badness 10000) in paragraph at lines 55--56

 []

[4]
Underfull \hbox (badness 10000) in paragraph at lines 79--80

 []


Overfull \hbox (5.26407pt too wide) in paragraph at lines 81--103
 [] 
 []

[5] [6] [7]
Underfull \hbox (badness 10000) in paragraph at lines 202--203

 []


Underfull \hbox (badness 10000) in paragraph at lines 213--217

 []


Underfull \hbox (badness 10000) in paragraph at lines 219--221

 []


Underfull \hbox (badness 10000) in paragraph at lines 223--225

 []

[8]
Underfull \hbox (badness 10000) in paragraph at lines 250--251

 []


Overfull \hbox (4.73434pt too wide) in paragraph at lines 252--267
 [] 
 []


Underfull \hbox (badness 10000) in paragraph at lines 273--274

 []


Underfull \hbox (badness 10000) in paragraph at lines 292--293

 []

[9] [10]
Underfull \hbox (badness 10000) in paragraph at lines 356--357

 []

[11]
Underfull \hbox (badness 10000) in paragraph at lines 379--381

 []

) [12] (Section/2.tex
Missing character: There is no 채 in font cmmi12!

Package hyperref Warning: Token not allowed in a PDF string (Unicode):
(hyperref)                removing `math shift' on input line 1.


Package hyperref Warning: Token not allowed in a PDF string (Unicode):
(hyperref)                removing `math shift' on input line 1.


Package hyperref Warning: Token not allowed in a PDF string (Unicode):
(hyperref)                removing `math shift' on input line 1.


Package hyperref Warning: Token not allowed in a PDF string (Unicode):
(hyperref)                removing `math shift' on input line 1.

[13]
Underfull \hbox (badness 10000) in paragraph at lines 55--56

 []


Underfull \hbox (badness 10000) in paragraph at lines 73--74

 []

[14]
Underfull \hbox (badness 10000) in paragraph at lines 99--100

 []


Underfull \hbox (badness 10000) in paragraph at lines 124--125

 []

[15]
Underfull \hbox (badness 10000) in paragraph at lines 145--146

 []

[16]
Underfull \hbox (badness 10000) in paragraph at lines 162--167

 []


Underfull \hbox (badness 10000) in paragraph at lines 169--176

 []

[17] [18] [19]
Underfull \hbox (badness 10000) in paragraph at lines 272--273

 []

[20]
Underfull \hbox (badness 10000) in paragraph at lines 294--295

 []

[21]) [22] (Section/3.tex
Missing character: There is no 채 in font cmmi12!

Package hyperref Warning: Token not allowed in a PDF string (Unicode):
(hyperref)                removing `math shift' on input line 1.


Package hyperref Warning: Token not allowed in a PDF string (Unicode):
(hyperref)                removing `math shift' on input line 1.


Package hyperref Warning: Token not allowed in a PDF string (Unicode):
(hyperref)                removing `math shift' on input line 1.


Package hyperref Warning: Token not allowed in a PDF string (Unicode):
(hyperref)                removing `math shift' on input line 1.


Package hyperref Warning: Token not allowed in a PDF string (Unicode):
(hyperref)                removing `math shift' on input line 1.


Package hyperref Warning: Token not allowed in a PDF string (Unicode):
(hyperref)                removing `math shift' on input line 1.

[23]
Underfull \hbox (badness 10000) in paragraph at lines 44--45

 []


Underfull \hbox (badness 10000) in paragraph at lines 46--47

 []


Underfull \hbox (badness 10000) in paragraph at lines 48--54

 []


Underfull \hbox (badness 10000) in paragraph at lines 55--57

 []

[24]
Underfull \hbox (badness 10000) in paragraph at lines 72--74

 []


Underfull \hbox (badness 10000) in paragraph at lines 75--77

 []


Underfull \hbox (badness 10000) in paragraph at lines 78--81

 []


Underfull \hbox (badness 10000) in paragraph at lines 125--126

 []

[25]
Underfull \hbox (badness 10000) in paragraph at lines 134--135

 []


Underfull \hbox (badness 10000) in paragraph at lines 136--139

 []

[26]
Underfull \hbox (badness 10000) in paragraph at lines 157--158

 []


Underfull \hbox (badness 10000) in paragraph at lines 171--172

 []


Underfull \hbox (badness 10000) in paragraph at lines 176--177

 []

[27]
Underfull \hbox (badness 10000) in paragraph at lines 197--198

 []


Underfull \hbox (badness 10000) in paragraph at lines 199--203

 []


Underfull \hbox (badness 10000) in paragraph at lines 204--210

 []


Underfull \hbox (badness 10000) in paragraph at lines 211--217

 []

[28]
Underfull \hbox (badness 10000) in paragraph at lines 231--232

 []


Underfull \hbox (badness 10000) in paragraph at lines 233--238

 []


Underfull \hbox (badness 10000) in paragraph at lines 239--245

 []

File: ./pics/3.6b.jpg Graphic file (type bmp)
<./pics/3.6b.jpg>
[29]
Underfull \hbox (badness 10000) in paragraph at lines 286--287

 []


Underfull \hbox (badness 10000) in paragraph at lines 293--294

 []


Underfull \hbox (badness 10000) in paragraph at lines 295--296

 []

[30]
Underfull \hbox (badness 10000) in paragraph at lines 314--315

 []


Underfull \hbox (badness 10000) in paragraph at lines 321--322

 []


Underfull \hbox (badness 10000) in paragraph at lines 337--338

 []


Underfull \hbox (badness 10000) in paragraph at lines 344--345

 []

[31])
Underfull \hbox (badness 10000) in paragraph at lines 363--36

 []

[32] (Section/4.tex
Underfull \hbox (badness 10000) in paragraph at lines 58--59

 []


Underfull \hbox (badness 10000) in paragraph at lines 60--61

 []


Underfull \hbox (badness 10000) in paragraph at lines 62--63

 []

[33]
Underfull \hbox (badness 10000) in paragraph at lines 123--124

 []

[34]
Underfull \hbox (badness 10000) in paragraph at lines 259--260

 []


Underfull \hbox (badness 10000) in paragraph at lines 261--262

 []


Underfull \hbox (badness 10000) in paragraph at lines 263--264

 []


Underfull \hbox (badness 10000) in paragraph at lines 265--266

 []


Underfull \hbox (badness 10000) in paragraph at lines 267--268

 []


Underfull \hbox (badness 10000) in paragraph at lines 274--275

 []


Underfull \hbox (badness 10000) in paragraph at lines 277--278

 []


Underfull \hbox (badness 10000) in paragraph at lines 279--280

 []


Underfull \hbox (badness 10000) in paragraph at lines 281--282

 []


Underfull \hbox (badness 10000) in paragraph at lines 283--284

 []


Underfull \hbox (badness 10000) in paragraph at lines 285--286

 []


Underfull \hbox (badness 10000) in paragraph at lines 292--293

 []


Underfull \hbox (badness 10000) in paragraph at lines 294--295

 []


Underfull \hbox (badness 10000) in paragraph at lines 296--297

 []

[35] [36]
Underfull \hbox (badness 10000) in paragraph at lines 317--318

 []


Underfull \hbox (badness 10000) in paragraph at lines 319--320

 []


Underfull \hbox (badness 10000) in paragraph at lines 321--322

 []


Underfull \hbox (badness 10000) in paragraph at lines 328--329

 []


Underfull \hbox (badness 10000) in paragraph at lines 330--331

 []


Underfull \hbox (badness 10000) in paragraph at lines 332--333

 []

[37]
Underfull \hbox (badness 10000) in paragraph at lines 343--344

 []

[38]
Underfull \hbox (badness 10000) in paragraph at lines 516--517

 []


Underfull \hbox (badness 10000) in paragraph at lines 523--524

 []

[39]
Underfull \hbox (badness 10000) in paragraph at lines 564--565

 []

[40]
Underfull \hbox (badness 10000) in paragraph at lines 689--690

 []


Underfull \hbox (badness 10000) in paragraph at lines 691--692

 []


Underfull \hbox (badness 10000) in paragraph at lines 693--694

 []


Underfull \hbox (badness 10000) in paragraph at lines 695--696

 []


Underfull \hbox (badness 10000) in paragraph at lines 697--698

 []


Underfull \hbox (badness 10000) in paragraph at lines 699--700

 []


Underfull \hbox (badness 10000) in paragraph at lines 701--702

 []

)
Underfull \hbox (badness 10000) in paragraph at lines 703--40

 []

[41] (Section/5.tex
Underfull \hbox (badness 10000) in paragraph at lines 5--12

 []


Underfull \hbox (badness 10000) in paragraph at lines 13--14

 []


Underfull \hbox (badness 10000) in paragraph at lines 15--16

 []

[42]
Underfull \hbox (badness 10000) in paragraph at lines 48--49

 []


Underfull \hbox (badness 10000) in paragraph at lines 50--51

 []


Underfull \hbox (badness 10000) in paragraph at lines 64--65

 []


Underfull \hbox (badness 10000) in paragraph at lines 66--67

 []


Underfull \hbox (badness 10000) in paragraph at lines 78--79

 []


Underfull \hbox (badness 10000) in paragraph at lines 80--81

 []

[43] [44] [45]
Underfull \hbox (badness 10000) in paragraph at lines 97--98

 []


Underfull \hbox (badness 10000) in paragraph at lines 104--105

 []


Underfull \hbox (badness 10000) in paragraph at lines 106--107

 []


Underfull \hbox (badness 10000) in paragraph at lines 108--109

 []

[46]
Underfull \hbox (badness 10000) in paragraph at lines 122--123

 []


Underfull \hbox (badness 10000) in paragraph at lines 139--140

 []

[47]
Underfull \hbox (badness 10000) in paragraph at lines 162--163

 []


Underfull \hbox (badness 10000) in paragraph at lines 190--191

 []

[48]
Underfull \hbox (badness 10000) in paragraph at lines 221--222

 []


Underfull \hbox (badness 10000) in paragraph at lines 223--224

 []


Underfull \hbox (badness 10000) in paragraph at lines 227--228

 []


Underfull \hbox (badness 10000) in paragraph at lines 231--232

 []


Underfull \hbox (badness 10000) in paragraph at lines 233--234

 []


Underfull \hbox (badness 10000) in paragraph at lines 237--238

 []


Underfull \hbox (badness 10000) in paragraph at lines 241--242

 []

) [49] (Section/6.tex [50]) [51] (Section/7.tex [52]
Underfull \hbox (badness 10000) in paragraph at lines 37--38

 []

[53]
Underfull \hbox (badness 10000) in paragraph at lines 53--54

 []


Underfull \hbox (badness 10000) in paragraph at lines 57--58

 []


Underfull \hbox (badness 10000) in paragraph at lines 59--60

 []


Underfull \hbox (badness 10000) in paragraph at lines 68--69

 []


Underfull \hbox (badness 10000) in paragraph at lines 74--75

 []

[54]) [55] (Section/8.tex
Underfull \hbox (badness 10000) in paragraph at lines 6--7

 []

[56]
Underfull \hbox (badness 10000) in paragraph at lines 17--18

 []


Underfull \hbox (badness 10000) in paragraph at lines 26--27

 []

[57]
Underfull \hbox (badness 10000) in paragraph at lines 42--43

 []


Underfull \hbox (badness 10000) in paragraph at lines 57--58

 []


Underfull \hbox (badness 10000) in paragraph at lines 70--71

 []


Underfull \hbox (badness 10000) in paragraph at lines 81--82

 []


Underfull \hbox (badness 10000) in paragraph at lines 90--91

 []

[58]
Underfull \hbox (badness 10000) in paragraph at lines 114--115

 []

[59]
Underfull \hbox (badness 10000) in paragraph at lines 121--122

 []


Underfull \hbox (badness 10000) in paragraph at lines 140--141

 []

[60]
Underfull \hbox (badness 10000) in paragraph at lines 172--173

 []


Underfull \hbox (badness 10000) in paragraph at lines 195--196

 []

[61]
Underfull \hbox (badness 10000) in paragraph at lines 219--220

 []


Underfull \hbox (badness 10000) in paragraph at lines 221--222

 []


Underfull \hbox (badness 10000) in paragraph at lines 223--224

 []


Underfull \hbox (badness 10000) in paragraph at lines 225--226

 []

[62]) [63] (Section/9.tex [64]
Underfull \hbox (badness 10000) in paragraph at lines 10--11

 []

[65] [66]
Underfull \hbox (badness 10000) in paragraph at lines 47--48

 []

[67]
Underfull \hbox (badness 10000) in paragraph at lines 72--73

 []

[68]
Underfull \hbox (badness 10000) in paragraph at lines 97--98

 []


Underfull \hbox (badness 10000) in paragraph at lines 111--112

 []

[69]) [70] (Section/10.tex [71]
Underfull \hbox (badness 10000) in paragraph at lines 12--13

 []


Underfull \hbox (badness 10000) in paragraph at lines 17--18

 []


Underfull \hbox (badness 10000) in paragraph at lines 22--23

 []


Underfull \hbox (badness 10000) in paragraph at lines 27--28

 []

[72] [73]
Underfull \hbox (badness 10000) in paragraph at lines 42--43

 []


Underfull \hbox (badness 10000) in paragraph at lines 48--49

 []


Underfull \hbox (badness 10000) in paragraph at lines 52--53

 []


Underfull \hbox (badness 10000) in paragraph at lines 56--57

 []


Underfull \hbox (badness 10000) in paragraph at lines 58--59

 []


Underfull \hbox (badness 10000) in paragraph at lines 60--61

 []


Underfull \hbox (badness 10000) in paragraph at lines 62--63

 []


Underfull \hbox (badness 10000) in paragraph at lines 64--65

 []


Underfull \hbox (badness 10000) in paragraph at lines 69--70

 []

[74]) [75] (Section/11.tex) [76] (Section/12.tex
Underfull \hbox (badness 10000) in paragraph at lines 8--9

 []

[77]
Underfull \hbox (badness 10000) in paragraph at lines 19--20

 []


Underfull \hbox (badness 10000) in paragraph at lines 30--31

 []


Underfull \hbox (badness 10000) in paragraph at lines 33--34

 []


Underfull \hbox (badness 10000) in paragraph at lines 59--60

 []

[78]
Underfull \hbox (badness 10000) in paragraph at lines 72--73

 []

[79]) [80] (Section/13.tex [81]
Underfull \hbox (badness 10000) in paragraph at lines 73--74

 []


Underfull \hbox (badness 10000) in paragraph at lines 85--86

 []


Underfull \hbox (badness 10000) in paragraph at lines 89--90

 []


Underfull \hbox (badness 10000) in paragraph at lines 93--94

 []


Underfull \hbox (badness 10000) in paragraph at lines 109--110

 []


Underfull \hbox (badness 10000) in paragraph at lines 111--112

 []


Underfull \hbox (badness 10000) in paragraph at lines 113--114

 []


Underfull \hbox (badness 10000) in paragraph at lines 119--120

 []


Underfull \hbox (badness 10000) in paragraph at lines 142--143

 []

[82]
Underfull \hbox (badness 10000) in paragraph at lines 151--152

 []

) [83] (Section/14.tex [84]) [85] (Section/15.tex) [86] (Section/16.tex
[87]
Underfull \hbox (badness 10000) in paragraph at lines 12--13

 []


Underfull \hbox (badness 10000) in paragraph at lines 28--29

 []


Underfull \hbox (badness 10000) in paragraph at lines 30--31

 []


Underfull \hbox (badness 10000) in paragraph at lines 35--36

 []


Underfull \hbox (badness 10000) in paragraph at lines 67--68

 []


Underfull \hbox (badness 10000) in paragraph at lines 71--72

 []


Underfull \hbox (badness 10000) in paragraph at lines 73--74

 []

[88]
Underfull \hbox (badness 10000) in paragraph at lines 78--79

 []


Underfull \hbox (badness 10000) in paragraph at lines 91--92

 []


Underfull \hbox (badness 10000) in paragraph at lines 93--94

 []


Underfull \hbox (badness 10000) in paragraph at lines 98--99

 []

[89]
Underfull \hbox (badness 10000) in paragraph at lines 130--131

 []


Underfull \hbox (badness 10000) in paragraph at lines 132--133

 []


Underfull \hbox (badness 10000) in paragraph at lines 138--139

 []

) [90] (Section/17.tex
Underfull \hbox (badness 10000) in paragraph at lines 4--5

 []


Underfull \hbox (badness 10000) in paragraph at lines 18--19

 []


Underfull \hbox (badness 10000) in paragraph at lines 30--31

 []


Underfull \hbox (badness 10000) in paragraph at lines 36--37

 []

[91]
Underfull \hbox (badness 10000) in paragraph at lines 51--52

 []

[92]
Underfull \hbox (badness 10000) in paragraph at lines 69--70

 []


Underfull \hbox (badness 10000) in paragraph at lines 73--74

 []


Underfull \hbox (badness 10000) in paragraph at lines 79--80

 []


Underfull \hbox (badness 10000) in paragraph at lines 85--86

 []

) [93] (Section/18.tex)
The property list \polyglossia@langsetup contains the pairs (without outer
braces):
>  {latex/script}  =>  {latin}
>  {latex/lcscript}  =>  {latin}
>  {latex/scripttag}  =>  {}
>  {latex/language}  =>  {Latex}
>  {latex/langtag}  =>  {ENG}
>  {latex/bcp47}  =>  {}
>  {latex/hyphennames}  =>  {english}
>  {latex/direction}  =>  {LR}
>  {latex/hyphenmins}  =>  {2,3}
>  {latex/frenchspacing}  =>  {false}
>  {latex/indentfirst}  =>  {false}
>  {latex/fontsetup}  =>  {true}
>  {latex/envname}  =>  {latex}
>  {latex/babelname}  =>  {latex}
>  {latex/localnumeral}  =>  {polyglossia@C@localnumeral}
>  {latex/Localnumeral}  =>  {polyglossia@C@localnumeral}
>  {latex/DefineCommandsCmd}  =>  {use_none:n}
>  {german/script}  =>  {latin}
>  {german/lcscript}  =>  {latin}
>  {german/scripttag}  =>  {}
>  {german/language}  =>  {German}
>  {german/langtag}  =>  {DEU}
>  {german/bcp47}  =>  {de-DE}
>  {german/hyphennames}  =>  {}
>  {german/direction}  =>  {LR}
>  {german/hyphenmins}  =>  {2,2}
>  {german/frenchspacing}  =>  {true}
>  {german/indentfirst}  =>  {false}
>  {german/fontsetup}  =>  {true}
>  {german/envname}  =>  {german}
>  {german/babelname}  =>  {ngerman}
>  {german/localnumeral}  =>  {polyglossia@C@localnumeral}
>  {german/Localnumeral}  =>  {polyglossia@C@localnumeral}
>  {german/DefineCommandsCmd}  =>  {xpg_define_language_commands:e}.
The property list \__xpg_alias contains the pairs (without outer braces):
>  {latex/target}  =>  {latex}
>  {german/target}  =>  {german}
>  {de/target}  =>  {german}
>  {de-CH/target}  =>  {german}
>  {de-CH/variant}  =>  {swiss}
>  {de-CH/options}  =>  {variant=swiss,spelling=new}
>  {de-AT/target}  =>  {german}
>  {de-AT/variant}  =>  {austrian}
>  {de-AT/options}  =>  {variant=austrian,spelling=new}
>  {de-DE/target}  =>  {german}
>  {de-DE/variant}  =>  {german}
>  {de-DE/options}  =>  {variant=german,spelling=new}
>  {de-Latf-CH/target}  =>  {german}
>  {de-Latf-CH/variant}  =>  {swiss}
>  {de-Latf-CH/options}  =>  {variant=swiss,spelling=new,script=blackletter}
>  {de-Latf-DE/target}  =>  {german}
>  {de-Latf-DE/variant}  =>  {german}
>  {de-Latf-DE/options}  =>  {variant=german,spelling=new,script=blackletter}
>  {de-Latf-AT/target}  =>  {german}
>  {de-Latf-AT/variant}  =>  {austrian}
>  {de-Latf-AT/options}  => 
{variant=austrian,spelling=new,script=blackletter}
>  {de-AT-1901/target}  =>  {german}
>  {de-AT-1901/variant}  =>  {austrian}
>  {de-AT-1901/options}  =>  {variant=austrian,spelling=old}
>  {de-CH-1996/target}  =>  {german}
>  {de-CH-1996/variant}  =>  {swiss}
>  {de-CH-1996/options}  =>  {variant=swiss,spelling=new}
>  {de-AT-1996/target}  =>  {german}
>  {de-AT-1996/variant}  =>  {austrian}
>  {de-AT-1996/options}  =>  {variant=austrian,spelling=new}
>  {de-DE-1901/target}  =>  {german}
>  {de-DE-1901/variant}  =>  {german}
>  {de-DE-1901/options}  =>  {variant=german,spelling=old}
>  {de-Latf-CH-1901/target}  =>  {german}
>  {de-Latf-CH-1901/variant}  =>  {swiss}
>  {de-Latf-CH-1901/options}  => 
{variant=swiss,spelling=old,script=blackletter}
>  {de-CH-1901/target}  =>  {german}
>  {de-CH-1901/variant}  =>  {swiss}
>  {de-CH-1901/options}  =>  {variant=swiss,spelling=old}
>  {de-Latf-AT-1901/target}  =>  {german}
>  {de-Latf-AT-1901/variant}  =>  {austrian}
>  {de-Latf-AT-1901/options}  => 
{variant=austrian,spelling=old,script=blackletter}
>  {de-Latf-CH-1996/target}  =>  {german}
>  {de-Latf-CH-1996/variant}  =>  {swiss}
>  {de-Latf-CH-1996/options}  => 
{variant=swiss,spelling=new,script=blackletter}
>  {de-Latf/target}  =>  {german}
>  {de-Latf/options}  =>  {script=blackletter}
>  {de-DE-1996/target}  =>  {german}
>  {de-DE-1996/variant}  =>  {german}
>  {de-DE-1996/options}  =>  {variant=german,spelling=new}
>  {de-Latf-DE-1901/target}  =>  {german}
>  {de-Latf-DE-1901/variant}  =>  {german}
>  {de-Latf-DE-1901/options}  => 
{variant=german,spelling=old,script=blackletter}
>  {de-Latf-DE-1996/target}  =>  {german}
>  {de-Latf-DE-1996/variant}  =>  {german}
>  {de-Latf-DE-1996/options}  => 
{variant=german,spelling=new,script=blackletter}
>  {de-Latf-AT-1996/target}  =>  {german}
>  {de-Latf-AT-1996/variant}  =>  {austrian}
>  {de-Latf-AT-1996/options}  => 
{variant=austrian,spelling=new,script=blackletter}
>  {austrian/target}  =>  {german}
>  {austrian/variant}  =>  {austrian}
>  {austrian/options}  =>  {variant=austrian,spelling=old}
>  {naustrian/target}  =>  {german}
>  {naustrian/variant}  =>  {austrian}
>  {naustrian/options}  =>  {variant=austrian,spelling=new}
>  {germanb/target}  =>  {german}
>  {germanb/variant}  =>  {german}
>  {germanb/options}  =>  {variant=german,spelling=old}
>  {ngerman/target}  =>  {german}
>  {ngerman/variant}  =>  {german}
>  {ngerman/options}  =>  {variant=german,spelling=new}
>  {swissgerman/target}  =>  {german}
>  {swissgerman/variant}  =>  {swiss}
>  {swissgerman/options}  =>  {variant=swiss,spelling=old}
>  {nswissgerman/target}  =>  {german}
>  {nswissgerman/variant}  =>  {swiss}
>  {nswissgerman/options}  =>  {variant=swiss,spelling=new}.
 (Analysis.aux
LaTeX Info: Redefining \rmfamily on input line 18.
LaTeX Info: Redefining \sffamily on input line 18.
LaTeX Info: Redefining \ttfamily on input line 18.
)
Package rerunfilecheck Info: File `Analysis.out' has not changed.
(rerunfilecheck)             Checksum: F9A2054BDFD8E00A9898FE0202182DAE;13844.
 ) 
Here is how much of TeX's memory you used:
 19715 strings out of 413434
 365262 string characters out of 5850913
 1867296 words of memory out of 5000000
 39504 multiletter control sequences out of 15000+600000
 521302 words of font info for 91 fonts, out of 8000000 for 9000
 0 hyphenation exceptions out of 8191
 93i,28n,93p,444b,474s stack positions out of 10000i,1000n,20000p,200000b,200000s

Output written on Analysis.pdf (94 pages).
